[2026-03-07 23:05:55] [INFO] Thumbnail updated: Frame 6
[2026-03-07 23:05:59] [INFO] Thumbnail updated: Frame 7
[2026-03-07 23:06:02] [INFO] Thumbnail updated: Frame 8
[2026-03-07 23:06:06] [INFO] Thumbnail updated: Frame 9
[2026-03-07 23:06:09] [INFO] Thumbnail updated: Frame 10
[2026-03-07 23:21:21] [INFO] Session Changed: [Blender] (PID:13192) Render_20260307_232120.json
[2026-03-07 23:21:27] [INFO] Auto-switching: Background render ended (1772893287.5953007)
[2026-03-07 23:21:27] [INFO] Processing real-time data for Blender (Start TS: 1772893280.8639884)
[2026-03-07 23:21:27] [INFO] New render detected (TS: 1772893280.8639884)
[2026-03-07 23:21:28] [INFO] Thumbnail updated: Frame 6
[2026-03-07 23:21:28] [INFO] Started Discord notified
[2026-03-07 23:21:31] [INFO] Session Changed: [Blender] (PID:13192) Render_20260307_232131.json
[2026-03-07 23:21:38] [INFO] Auto-switching: Background render ended (1772893298.4492888)
[2026-03-07 23:21:38] [INFO] Processing real-time data for Blender (Start TS: 1772893291.6367927)
[2026-03-07 23:21:38] [INFO] New render detected (TS: 1772893291.6367927)
[2026-03-07 23:21:38] [INFO] Thumbnail updated: Frame 6
[2026-03-07 23:21:39] [INFO] Started Discord notified
[2026-03-07 23:21:44] [INFO] Session Changed: [Blender] (PID:13192) Render_20260307_232144.json
[2026-03-07 23:21:51] [INFO] Auto-switching: Background render ended (1772893311.258585)
[2026-03-07 23:21:51] [INFO] Processing real-time data for Blender (Start TS: 1772893304.448352)
[2026-03-07 23:21:51] [INFO] New render detected (TS: 1772893304.448352)
[2026-03-07 23:21:51] [INFO] Thumbnail updated: Frame 6
[2026-03-07 23:21:52] [INFO] Started Discord notified
[2026-03-07 23:21:54] [INFO] Session Changed: [Blender] (PID:13192) Render_20260307_232154.json
[2026-03-07 23:22:04] [INFO] Auto-switching: Background render ended (1772893324.5450678)
[2026-03-07 23:22:04] [INFO] Processing real-time data for Blender (Start TS: 1772893314.4029472)
[2026-03-07 23:22:04] [INFO] New render detected (TS: 1772893314.4029472)
[2026-03-07 23:22:04] [INFO] Thumbnail updated: Frame 7
[2026-03-07 23:22:05] [INFO] Started Discord notified
[2026-03-07 23:22:09] [INFO] Session Changed: [Blender] (PID:13192) Render_20260307_232209.json
[2026-03-07 23:22:09] [INFO] Processing real-time data for Blender (Start TS: 1772893329.0261917)
[2026-03-07 23:22:09] [INFO] New render detected (TS: 1772893329.0261917)
[2026-03-07 23:22:10] [INFO] Started Discord notified
[2026-03-07 23:22:12] [INFO] Thumbnail updated: Frame 6
[2026-03-07 23:22:16] [INFO] Thumbnail updated: Frame 7
[2026-03-07 23:22:19] [INFO] Thumbnail updated: Frame 8
[2026-03-07 23:22:23] [INFO] Thumbnail updated: Frame 9
[2026-03-07 23:22:26] [INFO] Thumbnail updated: Frame 10
[2026-03-07 23:28:42] [INFO] Thumbnail updated: Frame 10
[2026-03-07 23:28:51] [INFO] Session Changed: [Blender] (PID:13192) Render_20260307_232851.json
[2026-03-07 23:28:57] [INFO] Minimized to system tray
[2026-03-07 23:29:01] [INFO] Auto-switching: Background render ended (1772893741.3786602)
[2026-03-07 23:29:03] [INFO] Thumbnail updated: Frame 7
[2026-03-07 23:29:05] [INFO] Session Changed: [Blender] (PID:13192) Render_20260307_232905.json
[2026-03-07 23:29:05] [INFO] Processing real-time data for Blender (Start TS: 1772893745.1957872)
[2026-03-07 23:29:05] [INFO] New render detected (TS: 1772893745.1957872)
[2026-03-07 23:29:06] [INFO] Started Discord notified
[2026-03-07 23:29:09] [INFO] Thumbnail updated: Frame 6
[2026-03-07 23:29:16] [INFO] Session Changed: [Blender] (PID:13192) Render_20260307_232916.json
[2026-03-07 23:29:37] [INFO] Auto-switching: Background render ended (1772893777.619473)
[2026-03-07 23:29:37] [INFO] Processing real-time data for Blender (Start TS: 1772893756.6303566)
[2026-03-07 23:29:37] [INFO] New render detected (TS: 1772893756.6303566)
[2026-03-07 23:29:37] [INFO] Thumbnail updated: Frame 10
[2026-03-07 23:29:38] [INFO] Started Discord notified
[2026-03-07 23:29:51] [INFO] Minimized to system tray
[2026-03-07 23:31:05] [INFO] Session Changed: [Blender] (PID:13192) Render_20260307_233104.json
[2026-03-07 23:31:05] [INFO] Background render started: 1772893864.973315
[2026-03-07 23:31:05] [INFO] New render detected (TS: 1772893864.973315)
[2026-03-07 23:31:06] [INFO] Started Discord notified
[2026-03-07 23:31:13] [INFO] Thumbnail updated: Frame 7
[2026-03-07 23:31:22] [INFO] Auto-switching: Background render ended (1772893882.3642533)
[2026-03-07 23:31:22] [INFO] Thumbnail updated: Frame 9
[2026-03-07 23:31:26] [INFO] Session Changed: [Blender] (PID:13192) Render_20260307_233126.json
[2026-03-07 23:31:26] [INFO] Background render started: 1772893886.316403
[2026-03-07 23:31:26] [INFO] New render detected (TS: 1772893886.316403)
[2026-03-07 23:31:27] [INFO] Started Discord notified
[2026-03-07 23:36:22] [INFO] Thumbnail updated: Frame 10
[2026-03-07 23:36:24] [INFO] Session Changed: [Blender] (PID:13192) Render_20260307_233624.json
[2026-03-07 23:36:24] [INFO] Background render started: 1772894184.0613148
[2026-03-07 23:36:24] [INFO] New render detected (TS: 1772894184.0613148)
[2026-03-07 23:36:25] [INFO] Started Discord notified
[2026-03-07 23:36:29] [INFO] Thumbnail updated: Frame 6
[2026-03-07 23:36:38] [INFO] Auto-switching: Background render ended (1772894198.1752322)
[2026-03-07 23:36:38] [INFO] New render detected (TS: 1772894184.0613148)
[2026-03-07 23:36:38] [INFO] Thumbnail updated: Frame 8
[2026-03-07 23:36:39] [INFO] Started Discord notified
[2026-03-07 23:36:42] [INFO] Session Changed: [Blender] (PID:13192) Render_20260307_233641.json
[2026-03-07 23:36:42] [INFO] Background render started: 1772894201.9207535
[2026-03-07 23:36:42] [INFO] New render detected (TS: 1772894201.9207535)
[2026-03-07 23:36:43] [INFO] Started Discord notified
[2026-03-07 23:36:46] [INFO] Auto-switching: Background render ended (1772894206.1534467)
[2026-03-07 23:36:46] [INFO] New render detected (TS: 1772894201.9207535)
[2026-03-07 23:36:46] [INFO] Thumbnail updated: Frame 6
[2026-03-07 23:36:47] [INFO] Started Discord notified
[2026-03-07 23:37:14] [INFO] Session Changed: [Blender] (PID:13192) Render_20260307_233714.json
[2026-03-07 23:37:14] [INFO] Background render started: 1772894234.22901
[2026-03-07 23:37:14] [INFO] New render detected (TS: 1772894234.22901)
[2026-03-07 23:37:15] [INFO] Started Discord notified
[2026-03-07 23:37:35] [INFO] Auto-switching: Background render ended (1772894255.379271)
[2026-03-07 23:37:35] [INFO] New render detected (TS: 1772894234.22901)
[2026-03-07 23:37:35] [INFO] Thumbnail updated: Frame 10
[2026-03-07 23:37:36] [INFO] Started Discord notified
[2026-03-07 23:40:06] [INFO] Auto-switching to new session: Render_20260307_234006.json
[2026-03-07 23:40:07] [INFO] Session Changed: [Blender] (PID:13192) Render_20260307_234006.json
[2026-03-07 23:40:07] [INFO] New render detected (TS: 1772894406.7302604)
[2026-03-07 23:40:07] [INFO] Started Discord notified
[2026-03-07 23:40:10] [INFO] Thumbnail updated: Frame 6
[2026-03-07 23:40:13] [INFO] Thumbnail updated: Frame 7
[2026-03-07 23:40:20] [INFO] Auto-switching to new session: Render_20260307_234020.json
[2026-03-07 23:40:20] [INFO] Session Changed: [Blender] (PID:13192) Render_20260307_234020.json
[2026-03-07 23:40:20] [INFO] New render detected (TS: 1772894420.1672266)
[2026-03-07 23:40:21] [INFO] Started Discord notified
[2026-03-07 23:40:24] [INFO] Thumbnail updated: Frame 6
[2026-03-07 23:40:27] [INFO] Thumbnail updated: Frame 7
[2026-03-07 23:40:41] [INFO] Auto-switching: Background render ended (1772894441.2765555)
[2026-03-07 23:40:41] [INFO] New render detected (TS: 1772894420.1672266)
[2026-03-07 23:40:41] [INFO] Thumbnail updated: Frame 10
[2026-03-07 23:40:42] [INFO] Started Discord notified
[2026-03-07 23:44:47] [INFO] Auto-switching to new session: Render_20260307_234447.json
[2026-03-07 23:44:47] [INFO] Session Changed: [Cinema 4D] (PID:30452) Render_20260307_234447.json
[2026-03-07 23:44:48] [INFO] New render detected (TS: 1772894687.0)
[2026-03-07 23:44:49] [INFO] Started Discord notified
[2026-03-07 23:44:49] [INFO] Thumbnail updated: Frame 0
[2026-03-07 23:44:51] [INFO] Thumbnail updated: Frame 2
[2026-03-07 23:44:52] [INFO] Thumbnail updated: Frame 3
[2026-03-07 23:44:53] [INFO] Thumbnail updated: Frame 4
[2026-03-07 23:44:54] [INFO] Thumbnail updated: Frame 5
[2026-03-07 23:44:56] [INFO] Thumbnail updated: Frame 6
[2026-03-07 23:44:57] [INFO] Thumbnail updated: Frame 8
[2026-03-07 23:44:59] [INFO] Thumbnail updated: Frame 9
[2026-03-07 23:45:00] [INFO] Thumbnail updated: Frame 10
[2026-03-08 00:08:25] [INFO] Auto-switching to new session: Render_20260308_000825.json
[2026-03-08 00:08:25] [INFO] Session Changed: [Blender] (PID:13192) Render_20260308_000825.json
[2026-03-08 00:08:25] [INFO] New render detected (TS: 1772896105.2578003)
[2026-03-08 00:08:26] [INFO] Started Discord notified
[2026-03-08 00:08:29] [INFO] Thumbnail updated: Frame 6
[2026-03-08 00:08:32] [INFO] Thumbnail updated: Frame 7
[2026-03-08 00:08:36] [INFO] Thumbnail updated: Frame 8
[2026-03-08 00:08:39] [INFO] Thumbnail updated: Frame 9
[2026-03-08 00:08:43] [INFO] Thumbnail updated: Frame 10
[2026-03-08 00:08:49] [INFO] Session Changed: [Cinema 4D] (PID:30452) Render_20260308_000848.json
[2026-03-08 00:08:49] [INFO] New render detected (TS: 1772896128.0)
[2026-03-08 00:08:50] [INFO] Thumbnail updated: Frame 1
[2026-03-08 00:08:51] [INFO] Thumbnail updated: Frame 2
[2026-03-08 00:08:51] [INFO] Started Discord notified
[2026-03-08 00:08:52] [INFO] Thumbnail updated: Frame 3
[2026-03-08 00:08:53] [INFO] Thumbnail updated: Frame 4
[2026-03-08 00:08:55] [INFO] Thumbnail updated: Frame 5
[2026-03-08 00:08:56] [INFO] Thumbnail updated: Frame 6
[2026-03-08 00:08:58] [INFO] Thumbnail updated: Frame 8
[2026-03-08 00:08:59] [INFO] Thumbnail updated: Frame 9
[2026-03-08 00:09:00] [INFO] Thumbnail updated: Frame 10
[2026-03-08 00:15:03] [INFO] Auto-switching to new session: Render_20260308_001503.json
[2026-03-08 00:15:03] [INFO] Session Changed: [Blender] (PID:13192) Render_20260308_001503.json
[2026-03-08 00:15:03] [INFO] New render detected (TS: 1772896503.0375211)
[2026-03-08 00:15:03] [INFO] Started Discord notified
[2026-03-08 00:15:07] [INFO] Thumbnail updated: Frame 6
[2026-03-08 00:15:08] [INFO] Process termination detected (PID: 13192)
[2026-03-08 00:15:08] [INFO] Blender process ended (PID: 13192)
[2026-03-08 00:15:08] [INFO] Force updated JSON on process end: Render_20260308_001503.json
[2026-03-08 00:15:12] [INFO] Session Changed: [Cinema 4D] (PID:30452) Render_20260308_001512.json
[2026-03-08 00:15:12] [INFO] New render detected (TS: 1772896512.0)
[2026-03-08 00:15:13] [INFO] Started Discord notified
[2026-03-08 00:15:13] [INFO] Thumbnail updated: Frame 0
[2026-03-08 00:15:15] [INFO] Thumbnail updated: Frame 2
[2026-03-08 00:15:16] [INFO] Thumbnail updated: Frame 3
[2026-03-08 00:15:37] [INFO] Auto-switching to new session: Render_20260308_001537.json
[2026-03-08 00:15:37] [INFO] Session Changed: [Blender] (PID:33068) Render_20260308_001537.json
[2026-03-08 00:15:37] [INFO] New render detected (TS: 1772896537.1755886)
[2026-03-08 00:15:38] [INFO] Started Discord notified
[2026-03-08 00:15:41] [INFO] Thumbnail updated: Frame 6
[2026-03-08 00:34:18] [INFO] Auto-switching to new session: Render_20260308_003418.json
[2026-03-08 00:34:18] [INFO] Session Changed: [Blender] (PID:52284) Render_20260308_003418.json
[2026-03-08 00:34:18] [INFO] New render detected (TS: 1772897658.2277687)
[2026-03-08 00:34:19] [INFO] Started Discord notified
[2026-03-08 02:50:49] [INFO] Socket server standby (Port: 50000)
[2026-03-08 02:51:17] [INFO] Session Changed: [Blender] (PID:41480)
[2026-03-08 02:51:17] [INFO] Processing real-time data for Blender
[2026-03-08 02:51:17] [INFO] New render detected (TS: 1772905877.0377471)
[2026-03-08 02:51:20] [INFO] Thumbnail updated: Frame 5
[2026-03-08 02:51:24] [INFO] Thumbnail updated: Frame 6
[2026-03-08 02:51:27] [INFO] Thumbnail updated: Frame 7
[2026-03-08 02:51:31] [INFO] Thumbnail updated: Frame 8
[2026-03-08 02:51:34] [INFO] Thumbnail updated: Frame 9
[2026-03-08 02:51:38] [INFO] Thumbnail updated: Frame 10
[2026-03-08 02:51:59] [INFO] Session Changed: [Blender] (PID:41480)
[2026-03-08 02:51:59] [INFO] Processing real-time data for Blender
[2026-03-08 02:51:59] [INFO] New render detected (TS: 1772905919.7376451)
[2026-03-08 02:52:03] [INFO] Thumbnail updated: Frame 5
[2026-03-08 02:52:06] [INFO] Thumbnail updated: Frame 6
[2026-03-08 02:52:10] [INFO] Thumbnail updated: Frame 7
[2026-03-08 02:52:13] [INFO] Thumbnail updated: Frame 8
[2026-03-08 02:52:17] [INFO] Thumbnail updated: Frame 9
[2026-03-08 02:52:20] [INFO] Thumbnail updated: Frame 10
[2026-03-08 02:53:51] [INFO] Process termination detected (PID: 41480)
[2026-03-08 02:53:51] [INFO] Blender process ended (PID: 41480)
[2026-03-08 02:54:06] [INFO] Session Changed: [Blender] (PID:36972)
[2026-03-08 02:54:06] [INFO] Processing real-time data for Blender
[2026-03-08 02:54:06] [INFO] New render detected (TS: 1772906046.3818436)
[2026-03-08 02:54:10] [INFO] Thumbnail updated: Frame 5
[2026-03-08 02:54:13] [INFO] Thumbnail updated: Frame 6
[2026-03-08 02:54:16] [INFO] Thumbnail updated: Frame 7
[2026-03-08 02:54:20] [INFO] Thumbnail updated: Frame 8
[2026-03-08 02:54:23] [INFO] Thumbnail updated: Frame 9
[2026-03-08 02:54:27] [INFO] Thumbnail updated: Frame 10
[2026-03-08 02:56:08] [INFO] Session Changed: [Blender] (PID:36972)
[2026-03-08 02:56:08] [INFO] Processing real-time data for Blender
[2026-03-08 02:56:08] [INFO] New render detected (TS: 1772906168.1740382)
[2026-03-08 02:56:11] [INFO] Thumbnail updated: Frame 5
[2026-03-08 02:56:15] [INFO] Thumbnail updated: Frame 6
[2026-03-08 02:56:18] [INFO] Thumbnail updated: Frame 7
[2026-03-08 02:56:22] [INFO] Thumbnail updated: Frame 8
[2026-03-08 02:56:25] [INFO] Thumbnail updated: Frame 9
[2026-03-08 02:56:29] [INFO] Thumbnail updated: Frame 10
[2026-03-08 02:59:37] [INFO] Session Changed: [Blender] (PID:36972)
[2026-03-08 02:59:37] [INFO] Processing real-time data for Blender
[2026-03-08 02:59:37] [INFO] New render detected (TS: 1772906377.8671088)
[2026-03-08 02:59:41] [INFO] Thumbnail updated: Frame 5
[2026-03-08 02:59:44] [INFO] Thumbnail updated: Frame 6
[2026-03-08 02:59:48] [INFO] Thumbnail updated: Frame 7
[2026-03-08 02:59:51] [INFO] Thumbnail updated: Frame 8
[2026-03-08 02:59:55] [INFO] Thumbnail updated: Frame 9
[2026-03-08 02:59:58] [INFO] Thumbnail updated: Frame 10
[2026-03-08 03:03:34] [INFO] Auto-switching: Background render START
[2026-03-08 03:03:34] [INFO] Session Changed: [Blender] (PID:36972)
[2026-03-08 03:03:34] [INFO] Processing real-time data for Blender
[2026-03-08 03:03:34] [INFO] New render detected (TS: 1772906614.2767513)
[2026-03-08 03:03:37] [INFO] Thumbnail updated: Frame 5
[2026-03-08 03:03:41] [INFO] Thumbnail updated: Frame 6
[2026-03-08 03:03:45] [INFO] Thumbnail updated: Frame 7
[2026-03-08 03:03:48] [INFO] Thumbnail updated: Frame 8
[2026-03-08 03:03:52] [INFO] Thumbnail updated: Frame 9
[2026-03-08 03:03:55] [INFO] Thumbnail updated: Frame 10
[2026-03-08 03:04:00] [INFO] Auto-switching: Background render START
[2026-03-08 03:04:00] [INFO] Session Changed: [Blender] (PID:36972)
[2026-03-08 03:04:00] [INFO] Processing real-time data for Blender
[2026-03-08 03:04:00] [INFO] New render detected (TS: 1772906640.1244068)
[2026-03-08 03:04:03] [INFO] Thumbnail updated: Frame 5
[2026-03-08 03:04:07] [INFO] Thumbnail updated: Frame 6
[2026-03-08 03:04:10] [INFO] Thumbnail updated: Frame 7
[2026-03-08 03:04:14] [INFO] Thumbnail updated: Frame 8
[2026-03-08 03:04:17] [INFO] Thumbnail updated: Frame 9
[2026-03-08 03:04:21] [INFO] Thumbnail updated: Frame 10
[2026-03-08 03:04:56] [INFO] Auto-switching: Background render START
[2026-03-08 03:04:56] [INFO] Session Changed: [Cinema 4D] (PID:74892)
[2026-03-08 03:04:56] [INFO] Processing real-time data for Cinema 4D
[2026-03-08 03:04:56] [INFO] New render detected (TS: 1772906696.0)
[2026-03-08 03:04:57] [INFO] Thumbnail updated: Frame 0
[2026-03-08 03:04:59] [INFO] Thumbnail updated: Frame 1
[2026-03-08 03:05:00] [INFO] Thumbnail updated: Frame 2
[2026-03-08 03:05:01] [INFO] Thumbnail updated: Frame 3
[2026-03-08 03:05:03] [INFO] Thumbnail updated: Frame 4
[2026-03-08 03:05:05] [INFO] Thumbnail updated: Frame 5
[2026-03-08 03:06:18] [INFO] Socket server standby (Port: 50000)
[2026-03-08 03:06:30] [INFO] Session Changed: [Blender] (PID:36972)
[2026-03-08 03:06:30] [INFO] Processing real-time data for Blender
[2026-03-08 03:06:30] [INFO] New render detected (TS: 1772906790.5764391)
[2026-03-08 03:06:34] [INFO] Thumbnail updated: Frame 5
[2026-03-08 03:06:37] [INFO] Thumbnail updated: Frame 6
[2026-03-08 03:06:41] [INFO] Thumbnail updated: Frame 7
[2026-03-08 03:06:44] [INFO] Thumbnail updated: Frame 8
[2026-03-08 03:06:48] [INFO] Thumbnail updated: Frame 9
[2026-03-08 03:06:51] [INFO] Thumbnail updated: Frame 10
[2026-03-08 03:07:03] [INFO] Session Changed: [Blender] (PID:36972)
[2026-03-08 03:07:03] [INFO] Processing real-time data for Blender
[2026-03-08 03:07:03] [INFO] New render detected (TS: 1772906823.6950955)
[2026-03-08 03:07:07] [INFO] Thumbnail updated: Frame 5
[2026-03-08 03:07:10] [INFO] Thumbnail updated: Frame 6
[2026-03-08 03:07:14] [INFO] Thumbnail updated: Frame 7
[2026-03-08 03:07:17] [INFO] Thumbnail updated: Frame 8
[2026-03-08 03:07:21] [INFO] Thumbnail updated: Frame 9
[2026-03-08 03:07:24] [INFO] Thumbnail updated: Frame 10
[2026-03-08 03:07:37] [INFO] Session Changed: [Blender] (PID:36972)
[2026-03-08 03:07:37] [INFO] Processing real-time data for Blender
[2026-03-08 03:07:37] [INFO] New render detected (TS: 1772906857.3832655)
[2026-03-08 03:07:40] [INFO] Thumbnail updated: Frame 5
[2026-03-08 03:07:42] [CRITICAL] CRITICAL UNHANDLED EXCEPTION:
Traceback (most recent call last):
  File "c:\Users\user\AppData\Roaming\RenderTracker\RenderTarget.py", line 167, in <lambda>
    self._info_vars["output_path"].mousePressEvent = lambda e: self._open_output_folder()
                                                               ^^^^^^^^^^^^^^^^^^^^^^^^
AttributeError: 'RenderTrackerMonitor' object has no attribute '_open_output_folder'

[2026-03-08 03:07:42] [CRITICAL] CRITICAL UNHANDLED EXCEPTION:
Traceback (most recent call last):
  File "c:\Users\user\AppData\Roaming\RenderTracker\RenderTarget.py", line 167, in <lambda>
    self._info_vars["output_path"].mousePressEvent = lambda e: self._open_output_folder()
                                                               ^^^^^^^^^^^^^^^^^^^^^^^^
AttributeError: 'RenderTrackerMonitor' object has no attribute '_open_output_folder'

[2026-03-08 03:07:44] [INFO] Thumbnail updated: Frame 6
[2026-03-08 03:07:47] [INFO] Thumbnail updated: Frame 7
[2026-03-08 03:07:51] [INFO] Thumbnail updated: Frame 8
[2026-03-08 03:07:55] [INFO] Thumbnail updated: Frame 9
[2026-03-08 03:07:58] [INFO] Thumbnail updated: Frame 10
[2026-03-08 03:08:00] [INFO] Minimized to system tray
[2026-03-08 03:08:10] [INFO] Socket server standby (Port: 50000)
[2026-03-08 03:19:09] [INFO] Socket server standby (Port: 50000)
[2026-03-08 03:19:12] [INFO] Session Changed: [Blender] (PID:36972)
[2026-03-08 03:19:12] [INFO] Processing real-time data for Blender
[2026-03-08 03:19:12] [INFO] New render detected (TS: 1772907552.5654273)
[2026-03-08 03:19:16] [INFO] Thumbnail updated: Frame 5
[2026-03-08 03:19:19] [INFO] Thumbnail updated: Frame 6
[2026-03-08 03:19:23] [INFO] Thumbnail updated: Frame 7
[2026-03-08 03:19:26] [INFO] Thumbnail updated: Frame 8
[2026-03-08 03:19:30] [INFO] Thumbnail updated: Frame 9
[2026-03-08 03:19:33] [INFO] Thumbnail updated: Frame 10
[2026-03-08 03:19:48] [INFO] Session Changed: [Blender] (PID:36972)
[2026-03-08 03:19:48] [INFO] Processing real-time data for Blender
[2026-03-08 03:19:48] [INFO] New render detected (TS: 1772907588.126417)
[2026-03-08 03:20:18] [INFO] Thumbnail updated: Frame 10
[2026-03-08 03:20:20] [INFO] Auto-switching: Background render START
[2026-03-08 03:20:20] [INFO] Session Changed: [Blender] (PID:36972)
[2026-03-08 03:20:20] [INFO] Processing real-time data for Blender
[2026-03-08 03:20:20] [INFO] New render detected (TS: 1772907620.854768)
[2026-03-08 03:20:24] [INFO] Thumbnail updated: Frame 5
[2026-03-08 03:20:27] [INFO] Thumbnail updated: Frame 6
[2026-03-08 03:20:31] [INFO] Thumbnail updated: Frame 7
[2026-03-08 03:20:34] [INFO] Thumbnail updated: Frame 8
[2026-03-08 03:20:38] [INFO] Thumbnail updated: Frame 9
[2026-03-08 03:20:41] [INFO] Thumbnail updated: Frame 10
[2026-03-08 03:23:06] [INFO] Minimized to system tray
[2026-03-08 03:23:16] [INFO] Socket server standby (Port: 50000)
